This file contains any messages produced by compilers while
running configure, to aid debugging if configure makes a mistake.

It was created by vlna configure 1.3, which was
generated by GNU Autoconf 2.62.  Invocation command line was

  $ ./configure 

## --------- ##
## Platform. ##
## --------- ##

hostname = jakub-ntb
uname -m = x86_64
uname -r = 6.5.0-14-generic
uname -s = Linux
uname -v = #14-Ubuntu SMP PREEMPT_DYNAMIC Tue Nov 14 14:59:49 UTC 2023

/usr/bin/uname -p = x86_64
/bin/uname -X     = unknown

/bin/arch              = x86_64
/usr/bin/arch -k       = unknown
/usr/convex/getsysinfo = unknown
/usr/bin/hostinfo      = unknown
/bin/machine           = unknown
/usr/bin/oslevel       = unknown
/bin/universe          = unknown

PATH: /home/jakub/.nix-profile/bin
PATH: /nix/var/nix/profiles/default/bin
PATH: /home/jakub/.nix-profile/bin
PATH: /nix/var/nix/profiles/default/bin
PATH: /home/jakub/esp/esp-idf/components/espcoredump
PATH: /home/jakub/esp/esp-idf/components/partition_table
PATH: /home/jakub/esp/esp-idf/components/app_update
PATH: /home/jakub/.espressif/tools/xtensa-esp-elf-gdb/12.1_20221002/xtensa-esp-elf-gdb/bin
PATH: /home/jakub/.espressif/tools/xtensa-esp32-elf/esp-12.2.0_20230208/xtensa-esp32-elf/bin
PATH: /home/jakub/.espressif/tools/esp32ulp-elf/2.35_20220830/esp32ulp-elf/bin
PATH: /home/jakub/.espressif/tools/openocd-esp32/v0.12.0-esp32-20230419/openocd-esp32/bin
PATH: /home/jakub/.espressif/python_env/idf5.2_py3.11_env/bin
PATH: /home/jakub/esp/esp-idf/tools
PATH: /home/jakub/.local/bin
PATH: /home/jakub/.nix-profile/bin
PATH: /nix/var/nix/profiles/default/bin
PATH: /usr/local/sbin
PATH: /usr/local/bin
PATH: /usr/sbin
PATH: /usr/bin
PATH: /sbin
PATH: /bin
PATH: /usr/games
PATH: /usr/local/games
PATH: /snap/bin


## ----------- ##
## Core tests. ##
## ----------- ##

configure:1837: checking for a BSD-compatible install
configure:1905: result: ./install-sh -c
configure:1916: checking whether build environment is sane
configure:1959: result: yes
configure:1980: WARNING: `missing' script is too old or missing
configure:1984: checking for a thread-safe mkdir -p
configure:2023: result: /usr/bin/mkdir -p
configure:2036: checking for gawk
configure:2052: found /usr/bin/gawk
configure:2063: result: gawk
configure:2074: checking whether make sets $(MAKE)
configure:2096: result: yes
configure:2324: checking for gcc
configure:2340: found /usr/bin/gcc
configure:2351: result: gcc
configure:2589: checking for C compiler version
configure:2597: gcc --version >&5
gcc (Ubuntu 13.2.0-4ubuntu3) 13.2.0
Copyright (C) 2023 Free Software Foundation, Inc.
This is free software; see the source for copying conditions.  There is NO
warranty; not even for MERCHANTABILITY or FITNESS FOR A PARTICULAR PURPOSE.

configure:2601: $? = 0
configure:2608: gcc -v >&5
Using built-in specs.
COLLECT_GCC=gcc
COLLECT_LTO_WRAPPER=/usr/libexec/gcc/x86_64-linux-gnu/13/lto-wrapper
OFFLOAD_TARGET_NAMES=nvptx-none:amdgcn-amdhsa
OFFLOAD_TARGET_DEFAULT=1
Target: x86_64-linux-gnu
Configured with: ../src/configure -v --with-pkgversion='Ubuntu 13.2.0-4ubuntu3' --with-bugurl=file:///usr/share/doc/gcc-13/README.Bugs --enable-languages=c,ada,c++,go,d,fortran,objc,obj-c++,m2 --prefix=/usr --with-gcc-major-version-only --program-suffix=-13 --program-prefix=x86_64-linux-gnu- --enable-shared --enable-linker-build-id --libexecdir=/usr/libexec --without-included-gettext --enable-threads=posix --libdir=/usr/lib --enable-nls --enable-bootstrap --enable-clocale=gnu --enable-libstdcxx-debug --enable-libstdcxx-time=yes --with-default-libstdcxx-abi=new --enable-gnu-unique-object --disable-vtable-verify --enable-plugin --enable-default-pie --with-system-zlib --enable-libphobos-checking=release --with-target-system-zlib=auto --enable-objc-gc=auto --enable-multiarch --disable-werror --enable-cet --with-arch-32=i686 --with-abi=m64 --with-multilib-list=m32,m64,mx32 --enable-multilib --with-tune=generic --enable-offload-targets=nvptx-none=/build/gcc-13-XYspKM/gcc-13-13.2.0/debian/tmp-nvptx/usr,amdgcn-amdhsa=/build/gcc-13-XYspKM/gcc-13-13.2.0/debian/tmp-gcn/usr --enable-offload-defaulted --without-cuda-driver --enable-checking=release --build=x86_64-linux-gnu --host=x86_64-linux-gnu --target=x86_64-linux-gnu --with-build-config=bootstrap-lto-lean --enable-link-serialization=2
Thread model: posix
Supported LTO compression algorithms: zlib zstd
gcc version 13.2.0 (Ubuntu 13.2.0-4ubuntu3) 
configure:2612: $? = 0
configure:2619: gcc -V >&5
gcc: error: unrecognized command-line option '-V'
gcc: fatal error: no input files
compilation terminated.
configure:2623: $? = 1
configure:2646: checking for C compiler default output file name
configure:2668: gcc    conftest.c  >&5
configure:2672: $? = 0
configure:2710: result: a.out
configure:2727: checking whether the C compiler works
configure:2737: ./a.out
configure:2741: $? = 0
configure:2758: result: yes
configure:2765: checking whether we are cross compiling
configure:2767: result: no
configure:2770: checking for suffix of executables
configure:2777: gcc -o conftest    conftest.c  >&5
configure:2781: $? = 0
configure:2805: result: 
configure:2811: checking for suffix of object files
configure:2837: gcc -c   conftest.c >&5
configure:2841: $? = 0
configure:2864: result: o
configure:2868: checking whether we are using the GNU C compiler
configure:2897: gcc -c   conftest.c >&5
configure:2904: $? = 0
configure:2921: result: yes
configure:2930: checking whether gcc accepts -g
configure:2960: gcc -c -g  conftest.c >&5
configure:2967: $? = 0
configure:3068: result: yes
configure:3085: checking for gcc option to accept ISO C89
configure:3159: gcc  -c -g -O2  conftest.c >&5
configure:3166: $? = 0
configure:3189: result: none needed
configure:3218: checking for style of include used by make
configure:3246: result: GNU
configure:3271: checking dependency style of gcc
configure:3362: result: gcc3
configure:3377: checking whether make sets $(MAKE)
configure:3399: result: yes
configure:3422: checking for a BSD-compatible install
configure:3490: result: ./install-sh -c
configure:3506: checking for ctangle
configure:3522: found /usr/bin/ctangle
configure:3533: result: ctangle
configure:3549: checking for cweave
configure:3565: found /usr/bin/cweave
configure:3576: result: cweave
configure:3592: checking for csplain
configure:3608: found /usr/bin/csplain
configure:3619: result: csplain
configure:3642: checking whether to enable maintainer-specific portions of Makefiles
configure:3651: result: no
configure:3817: creating ./config.status

## ---------------------- ##
## Running config.status. ##
## ---------------------- ##

This file was extended by vlna config.status 1.3, which was
generated by GNU Autoconf 2.62.  Invocation command line was

  CONFIG_FILES    = 
  CONFIG_HEADERS  = 
  CONFIG_LINKS    = 
  CONFIG_COMMANDS = 
  $ ./config.status 

on jakub-ntb

config.status:692: creating Makefile
config.status:903: executing depfiles commands

## ---------------- ##
## Cache variables. ##
## ---------------- ##

ac_cv_c_compiler_gnu=yes
ac_cv_env_CC_set=
ac_cv_env_CC_value=
ac_cv_env_CFLAGS_set=
ac_cv_env_CFLAGS_value=
ac_cv_env_CPPFLAGS_set=
ac_cv_env_CPPFLAGS_value=
ac_cv_env_LDFLAGS_set=
ac_cv_env_LDFLAGS_value=
ac_cv_env_LIBS_set=
ac_cv_env_LIBS_value=
ac_cv_env_build_alias_set=
ac_cv_env_build_alias_value=
ac_cv_env_host_alias_set=
ac_cv_env_host_alias_value=
ac_cv_env_target_alias_set=
ac_cv_env_target_alias_value=
ac_cv_objext=o
ac_cv_path_mkdir=/usr/bin/mkdir
ac_cv_prog_AWK=gawk
ac_cv_prog_CSPLAIN=csplain
ac_cv_prog_CTANGLE=ctangle
ac_cv_prog_CWEAVE=cweave
ac_cv_prog_ac_ct_CC=gcc
ac_cv_prog_cc_c89=
ac_cv_prog_cc_g=yes
ac_cv_prog_make_make_set=yes
am_cv_CC_dependencies_compiler_type=gcc3

## ----------------- ##
## Output variables. ##
## ----------------- ##

ACLOCAL='aclocal-1.10'
AMDEPBACKSLASH='\'
AMDEP_FALSE='#'
AMDEP_TRUE=''
AMTAR='tar'
AUTOCONF='autoconf'
AUTOHEADER='autoheader'
AUTOMAKE='automake-1.10'
AWK='gawk'
CC='gcc'
CCDEPMODE='depmode=gcc3'
CFLAGS='-g -O2'
CPPFLAGS=''
CSPLAIN='csplain'
CTANGLE='ctangle'
CWEAVE='cweave'
CYGPATH_W='echo'
DEFS='-DPACKAGE_NAME=\"vlna\" -DPACKAGE_TARNAME=\"vlna\" -DPACKAGE_VERSION=\"1.3\" -DPACKAGE_STRING=\"vlna\ 1.3\" -DPACKAGE_BUGREPORT=\"tex-live@tug.org\"'
DEPDIR='.deps'
ECHO_C=''
ECHO_N='-n'
ECHO_T=''
EXEEXT=''
INSTALL_DATA='${INSTALL} -m 644'
INSTALL_PROGRAM='${INSTALL}'
INSTALL_SCRIPT='${INSTALL}'
INSTALL_STRIP_PROGRAM='$(install_sh) -c -s'
LDFLAGS=''
LIBOBJS=''
LIBS=''
LTLIBOBJS=''
MAINT='#'
MAINTAINER_MODE_FALSE=''
MAINTAINER_MODE_TRUE='#'
MAKEINFO='makeinfo'
MKDIR_P='/usr/bin/mkdir -p'
OBJEXT='o'
PACKAGE='vlna'
PACKAGE_BUGREPORT='tex-live@tug.org'
PACKAGE_NAME='vlna'
PACKAGE_STRING='vlna 1.3'
PACKAGE_TARNAME='vlna'
PACKAGE_VERSION='1.3'
PATH_SEPARATOR=':'
SET_MAKE=''
SHELL='/bin/bash'
STRIP=''
VERSION='1.3'
ac_ct_CC='gcc'
am__fastdepCC_FALSE='#'
am__fastdepCC_TRUE=''
am__include='include'
am__isrc=''
am__leading_dot='.'
am__quote=''
am__tar='${AMTAR} chof - "$$tardir"'
am__untar='${AMTAR} xf -'
bindir='${exec_prefix}/bin'
build_alias=''
datadir='${datarootdir}'
datarootdir='${prefix}/share'
docdir='${datarootdir}/doc/${PACKAGE_TARNAME}'
dvidir='${docdir}'
exec_prefix='${prefix}'
host_alias=''
htmldir='${docdir}'
includedir='${prefix}/include'
infodir='${datarootdir}/info'
install_sh='$(SHELL) /run/media/jakub/DATA/Jakub/Dokumenty/VUT/OneDrive - Vysoké učení technické v Brně/Bakalarka/AquaControl/latex/vlna-1.5/install-sh'
libdir='${exec_prefix}/lib'
libexecdir='${exec_prefix}/libexec'
localedir='${datarootdir}/locale'
localstatedir='${prefix}/var'
mandir='${datarootdir}/man'
mkdir_p='/usr/bin/mkdir -p'
oldincludedir='/usr/include'
pdfdir='${docdir}'
prefix='/usr/local'
program_transform_name='s,x,x,'
psdir='${docdir}'
sbindir='${exec_prefix}/sbin'
sharedstatedir='${prefix}/com'
sysconfdir='${prefix}/etc'
target_alias=''

## ----------- ##
## confdefs.h. ##
## ----------- ##

#define PACKAGE_NAME "vlna"
#define PACKAGE_TARNAME "vlna"
#define PACKAGE_VERSION "1.3"
#define PACKAGE_STRING "vlna 1.3"
#define PACKAGE_BUGREPORT "tex-live@tug.org"

configure: exit 0
